<?xml version="1.0" encoding="UTF-8"?>
<!-- Generated by org.testng.reporters.JUnitXMLReporter -->
<testsuite hostname="LAPTOP-II3QSGQV" ignored="0" name="Test" tests="4" failures="0" timestamp="2019-09-29T11:53:02 IST" time="0.116" errors="0">
  <testcase name="browserAutomation" time="0.024" classname="qaclickacademy.SeleniumTest"/>
  <testcase name="elementUI" time="0.0" classname="qaclickacademy.SeleniumTest"/>
  <testcase name="deleteTwitter" time="0.0" classname="qaclickacademy.RestAPITest"/>
  <testcase name="postJira" time="0.001" classname="qaclickacademy.RestAPITest"/>
</testsuite> <!-- Test -->
