<?xml version="1.0" encoding="UTF-8"?>
<testng-results skipped="0" failed="0" ignored="0" total="4" passed="4">
  <reporter-output>
  </reporter-output>
  <suite name="Suite" duration-ms="116" started-at="2019-09-29T11:53:02 IST" finished-at="2019-09-29T11:53:02 IST">
    <groups>
    </groups>
    <test name="Test" duration-ms="116" started-at="2019-09-29T11:53:02 IST" finished-at="2019-09-29T11:53:02 IST">
      <class name="qaclickacademy.RestAPITest">
        <test-method status="PASS" signature="deleteTwitter()[pri:0, instance:qaclickacademy.RestAPITest@4b952a2d]" name="deleteTwitter" duration-ms="0" started-at="2019-09-29T11:53:02 IST" finished-at="2019-09-29T11:53:02 IST">
          <reporter-output>
          </reporter-output>
        </test-method> <!-- deleteTwitter -->
        <test-method status="PASS" signature="postJira()[pri:0, instance:qaclickacademy.RestAPITest@4b952a2d]" name="postJira" duration-ms="1" started-at="2019-09-29T11:53:02 IST" finished-at="2019-09-29T11:53:02 IST">
          <reporter-output>
          </reporter-output>
        </test-method> <!-- postJira -->
      </class> <!-- qaclickacademy.RestAPITest -->
      <class name="qaclickacademy.SeleniumTest">
        <test-method status="PASS" signature="browserAutomation()[pri:0, instance:qaclickacademy.SeleniumTest@69ea3742]" name="browserAutomation" duration-ms="24" started-at="2019-09-29T11:53:02 IST" finished-at="2019-09-29T11:53:02 IST">
          <reporter-output>
          </reporter-output>
        </test-method> <!-- browserAutomation -->
        <test-method status="PASS" signature="elementUI()[pri:0, instance:qaclickacademy.SeleniumTest@69ea3742]" name="elementUI" duration-ms="0" started-at="2019-09-29T11:53:02 IST" finished-at="2019-09-29T11:53:02 IST">
          <reporter-output>
          </reporter-output>
        </test-method> <!-- elementUI -->
      </class> <!-- qaclickacademy.SeleniumTest -->
    </test> <!-- Test -->
  </suite> <!-- Suite -->
</testng-results>
